Traceback (most recent call last):
  File "<frozen runpy>", line 198, in _run_module_as_main
  File "<frozen runpy>", line 88, in _run_code
  File "/Users/kaijimima1234/Desktop/nanobot/nanobot/__main__.py", line 5, in <module>
    from nanobot.cli.commands import app
  File "/Users/kaijimima1234/Desktop/nanobot/nanobot/cli/commands.py", line 10, in <module>
    import typer
ModuleNotFoundError: No module named 'typer'
🐈 Starting nanobot gateway on port 18790...
2026-03-02 12:03:41.197 | INFO     | nanobot.channels.manager:_init_channels:46 - Telegram channel enabled
✓ Channels enabled: telegram
✓ Cron: 3 scheduled jobs
✓ Heartbeat: every 1800s
2026-03-02 12:03:41.222 | INFO     | nanobot.cron.service:start:174 - Cron service started with 3 jobs
2026-03-02 12:03:41.223 | INFO     | nanobot.heartbeat.service:start:119 - Heartbeat started (every 1800s)
2026-03-02 12:03:41.223 | INFO     | nanobot.agent.loop:run:260 - Agent loop started
2026-03-02 12:03:41.223 | INFO     | nanobot.channels.manager:start_all:171 - Starting telegram channel...
2026-03-02 12:03:41.224 | INFO     | nanobot.channels.manager:_dispatch_outbound:199 - Outbound dispatcher started
2026-03-02 12:03:41.244 | INFO     | nanobot.channels.telegram:start:173 - Starting Telegram bot (polling mode)...
2026-03-02 12:03:42.411 | INFO     | nanobot.channels.telegram:start:181 - Telegram bot @cx_nano_bot connected
2026-03-02 12:03:43.393 | DEBUG    | nanobot.channels.telegram:start:186 - Telegram bot commands registered
